2016/06/16 13:51:58 [error] [exception.CHttpException.404] exception 'CHttpException' with message 'Unable to resolve the request "js/index.js".' in F:\xampp\htdocs\chola_export\framework\web\CWebApplication.php:286
Stack trace:
#0 F:\xampp\htdocs\chola_export\framework\web\CWebApplication.php(141): CWebApplication->runController('js/index.js')
#1 F:\xampp\htdocs\chola_export\framework\base\CApplication.php(185): CWebApplication->processRequest()
#2 F:\xampp\htdocs\chola_export\index.php(13): CApplication->run()
#3 {main}
REQUEST_URI=/chola_export/index.php/js/index.js
HTTP_REFERER=http://localhost/chola_export/index.php/admin
---
2016/06/16 13:52:42 [error] [exception.CHttpException.404] exception 'CHttpException' with message 'Unable to resolve the request "js/index.js".' in F:\xampp\htdocs\chola_export\framework\web\CWebApplication.php:286
Stack trace:
#0 F:\xampp\htdocs\chola_export\framework\web\CWebApplication.php(141): CWebApplication->runController('js/index.js')
#1 F:\xampp\htdocs\chola_export\framework\base\CApplication.php(185): CWebApplication->processRequest()
#2 F:\xampp\htdocs\chola_export\index.php(13): CApplication->run()
#3 {main}
REQUEST_URI=/chola_export/index.php/js/index.js
HTTP_REFERER=http://localhost/chola_export/index.php/admin
---
2016/06/16 13:54:57 [error] [exception.CHttpException.404] exception 'CHttpException' with message 'Unable to resolve the request "js/index.js".' in F:\xampp\htdocs\chola_export\framework\web\CWebApplication.php:286
Stack trace:
#0 F:\xampp\htdocs\chola_export\framework\web\CWebApplication.php(141): CWebApplication->runController('js/index.js')
#1 F:\xampp\htdocs\chola_export\framework\base\CApplication.php(185): CWebApplication->processRequest()
#2 F:\xampp\htdocs\chola_export\index.php(13): CApplication->run()
#3 {main}
REQUEST_URI=/chola_export/index.php/js/index.js
HTTP_REFERER=http://localhost/chola_export/index.php/admin
---
2016/06/16 13:55:14 [error] [exception.CHttpException.404] exception 'CHttpException' with message 'Unable to resolve the request "js/index.js".' in F:\xampp\htdocs\chola_export\framework\web\CWebApplication.php:286
Stack trace:
#0 F:\xampp\htdocs\chola_export\framework\web\CWebApplication.php(141): CWebApplication->runController('js/index.js')
#1 F:\xampp\htdocs\chola_export\framework\base\CApplication.php(185): CWebApplication->processRequest()
#2 F:\xampp\htdocs\chola_export\index.php(13): CApplication->run()
#3 {main}
REQUEST_URI=/chola_export/index.php/js/index.js
HTTP_REFERER=http://localhost/chola_export/index.php/admin
---
2016/06/16 13:56:23 [error] [exception.CHttpException.404] exception 'CHttpException' with message 'Unable to resolve the request "js/index.js".' in F:\xampp\htdocs\chola_export\framework\web\CWebApplication.php:286
Stack trace:
#0 F:\xampp\htdocs\chola_export\framework\web\CWebApplication.php(141): CWebApplication->runController('js/index.js')
#1 F:\xampp\htdocs\chola_export\framework\base\CApplication.php(185): CWebApplication->processRequest()
#2 F:\xampp\htdocs\chola_export\index.php(13): CApplication->run()
#3 {main}
REQUEST_URI=/chola_export/index.php/js/index.js
HTTP_REFERER=http://localhost/chola_export/index.php/admin
---
2016/06/16 13:56:38 [error] [exception.CHttpException.404] exception 'CHttpException' with message 'Unable to resolve the request "js/index.js".' in F:\xampp\htdocs\chola_export\framework\web\CWebApplication.php:286
Stack trace:
#0 F:\xampp\htdocs\chola_export\framework\web\CWebApplication.php(141): CWebApplication->runController('js/index.js')
#1 F:\xampp\htdocs\chola_export\framework\base\CApplication.php(185): CWebApplication->processRequest()
#2 F:\xampp\htdocs\chola_export\index.php(13): CApplication->run()
#3 {main}
REQUEST_URI=/chola_export/index.php/js/index.js
HTTP_REFERER=http://localhost/chola_export/index.php/admin
---
2016/06/16 13:56:40 [error] [exception.CHttpException.404] exception 'CHttpException' with message 'Unable to resolve the request "js/index.js".' in F:\xampp\htdocs\chola_export\framework\web\CWebApplication.php:286
Stack trace:
#0 F:\xampp\htdocs\chola_export\framework\web\CWebApplication.php(141): CWebApplication->runController('js/index.js')
#1 F:\xampp\htdocs\chola_export\framework\base\CApplication.php(185): CWebApplication->processRequest()
#2 F:\xampp\htdocs\chola_export\index.php(13): CApplication->run()
#3 {main}
REQUEST_URI=/chola_export/index.php/js/index.js
HTTP_REFERER=http://localhost/chola_export/index.php/admin
---
2016/06/16 13:57:15 [error] [exception.CHttpException.404] exception 'CHttpException' with message 'Unable to resolve the request "js/index.js".' in F:\xampp\htdocs\chola_export\framework\web\CWebApplication.php:286
Stack trace:
#0 F:\xampp\htdocs\chola_export\framework\web\CWebApplication.php(141): CWebApplication->runController('js/index.js')
#1 F:\xampp\htdocs\chola_export\framework\base\CApplication.php(185): CWebApplication->processRequest()
#2 F:\xampp\htdocs\chola_export\index.php(13): CApplication->run()
#3 {main}
REQUEST_URI=/chola_export/index.php/js/index.js
HTTP_REFERER=http://localhost/chola_export/index.php/admin
---
2016/06/16 13:57:16 [error] [exception.CHttpException.404] exception 'CHttpException' with message 'Unable to resolve the request "js/index.js".' in F:\xampp\htdocs\chola_export\framework\web\CWebApplication.php:286
Stack trace:
#0 F:\xampp\htdocs\chola_export\framework\web\CWebApplication.php(141): CWebApplication->runController('js/index.js')
#1 F:\xampp\htdocs\chola_export\framework\base\CApplication.php(185): CWebApplication->processRequest()
#2 F:\xampp\htdocs\chola_export\index.php(13): CApplication->run()
#3 {main}
REQUEST_URI=/chola_export/index.php/js/index.js
HTTP_REFERER=http://localhost/chola_export/index.php/admin
---
2016/06/16 13:57:20 [error] [exception.CHttpException.404] exception 'CHttpException' with message 'Unable to resolve the request "js/index.js".' in F:\xampp\htdocs\chola_export\framework\web\CWebApplication.php:286
Stack trace:
#0 F:\xampp\htdocs\chola_export\framework\web\CWebApplication.php(141): CWebApplication->runController('js/index.js')
#1 F:\xampp\htdocs\chola_export\framework\base\CApplication.php(185): CWebApplication->processRequest()
#2 F:\xampp\htdocs\chola_export\index.php(13): CApplication->run()
#3 {main}
REQUEST_URI=/chola_export/index.php/js/index.js
HTTP_REFERER=http://localhost/chola_export/index.php/admin
---
2016/06/16 13:57:21 [error] [exception.CHttpException.404] exception 'CHttpException' with message 'Unable to resolve the request "js/index.js".' in F:\xampp\htdocs\chola_export\framework\web\CWebApplication.php:286
Stack trace:
#0 F:\xampp\htdocs\chola_export\framework\web\CWebApplication.php(141): CWebApplication->runController('js/index.js')
#1 F:\xampp\htdocs\chola_export\framework\base\CApplication.php(185): CWebApplication->processRequest()
#2 F:\xampp\htdocs\chola_export\index.php(13): CApplication->run()
#3 {main}
REQUEST_URI=/chola_export/index.php/js/index.js
HTTP_REFERER=http://localhost/chola_export/index.php/admin
---
2016/06/16 13:57:21 [error] [exception.CHttpException.404] exception 'CHttpException' with message 'Unable to resolve the request "js/index.js".' in F:\xampp\htdocs\chola_export\framework\web\CWebApplication.php:286
Stack trace:
#0 F:\xampp\htdocs\chola_export\framework\web\CWebApplication.php(141): CWebApplication->runController('js/index.js')
#1 F:\xampp\htdocs\chola_export\framework\base\CApplication.php(185): CWebApplication->processRequest()
#2 F:\xampp\htdocs\chola_export\index.php(13): CApplication->run()
#3 {main}
REQUEST_URI=/chola_export/index.php/js/index.js
HTTP_REFERER=http://localhost/chola_export/index.php/admin
---
2016/06/16 13:57:40 [error] [exception.CHttpException.404] exception 'CHttpException' with message 'Unable to resolve the request "js/index.js".' in F:\xampp\htdocs\chola_export\framework\web\CWebApplication.php:286
Stack trace:
#0 F:\xampp\htdocs\chola_export\framework\web\CWebApplication.php(141): CWebApplication->runController('js/index.js')
#1 F:\xampp\htdocs\chola_export\framework\base\CApplication.php(185): CWebApplication->processRequest()
#2 F:\xampp\htdocs\chola_export\index.php(13): CApplication->run()
#3 {main}
REQUEST_URI=/chola_export/index.php/js/index.js
HTTP_REFERER=http://localhost/chola_export/index.php/admin
---
2016/06/16 13:57:41 [error] [exception.CHttpException.404] exception 'CHttpException' with message 'Unable to resolve the request "js/index.js".' in F:\xampp\htdocs\chola_export\framework\web\CWebApplication.php:286
Stack trace:
#0 F:\xampp\htdocs\chola_export\framework\web\CWebApplication.php(141): CWebApplication->runController('js/index.js')
#1 F:\xampp\htdocs\chola_export\framework\base\CApplication.php(185): CWebApplication->processRequest()
#2 F:\xampp\htdocs\chola_export\index.php(13): CApplication->run()
#3 {main}
REQUEST_URI=/chola_export/index.php/js/index.js
HTTP_REFERER=http://localhost/chola_export/index.php/admin
---
2016/06/16 13:57:58 [error] [exception.CHttpException.404] exception 'CHttpException' with message 'Unable to resolve the request "js/index.js".' in F:\xampp\htdocs\chola_export\framework\web\CWebApplication.php:286
Stack trace:
#0 F:\xampp\htdocs\chola_export\framework\web\CWebApplication.php(141): CWebApplication->runController('js/index.js')
#1 F:\xampp\htdocs\chola_export\framework\base\CApplication.php(185): CWebApplication->processRequest()
#2 F:\xampp\htdocs\chola_export\index.php(13): CApplication->run()
#3 {main}
REQUEST_URI=/chola_export/index.php/js/index.js
HTTP_REFERER=http://localhost/chola_export/index.php/admin
---
2016/06/16 13:57:59 [error] [exception.CHttpException.404] exception 'CHttpException' with message 'Unable to resolve the request "js/index.js".' in F:\xampp\htdocs\chola_export\framework\web\CWebApplication.php:286
Stack trace:
#0 F:\xampp\htdocs\chola_export\framework\web\CWebApplication.php(141): CWebApplication->runController('js/index.js')
#1 F:\xampp\htdocs\chola_export\framework\base\CApplication.php(185): CWebApplication->processRequest()
#2 F:\xampp\htdocs\chola_export\index.php(13): CApplication->run()
#3 {main}
REQUEST_URI=/chola_export/index.php/js/index.js
HTTP_REFERER=http://localhost/chola_export/index.php/admin
---
2016/06/16 13:58:33 [error] [exception.CHttpException.404] exception 'CHttpException' with message 'Unable to resolve the request "js/index.js".' in F:\xampp\htdocs\chola_export\framework\web\CWebApplication.php:286
Stack trace:
#0 F:\xampp\htdocs\chola_export\framework\web\CWebApplication.php(141): CWebApplication->runController('js/index.js')
#1 F:\xampp\htdocs\chola_export\framework\base\CApplication.php(185): CWebApplication->processRequest()
#2 F:\xampp\htdocs\chola_export\index.php(13): CApplication->run()
#3 {main}
REQUEST_URI=/chola_export/index.php/js/index.js
HTTP_REFERER=http://localhost/chola_export/index.php/admin
---
2016/06/16 13:58:34 [error] [exception.CHttpException.404] exception 'CHttpException' with message 'Unable to resolve the request "js/index.js".' in F:\xampp\htdocs\chola_export\framework\web\CWebApplication.php:286
Stack trace:
#0 F:\xampp\htdocs\chola_export\framework\web\CWebApplication.php(141): CWebApplication->runController('js/index.js')
#1 F:\xampp\htdocs\chola_export\framework\base\CApplication.php(185): CWebApplication->processRequest()
#2 F:\xampp\htdocs\chola_export\index.php(13): CApplication->run()
#3 {main}
REQUEST_URI=/chola_export/index.php/js/index.js
HTTP_REFERER=http://localhost/chola_export/index.php/admin
---
2016/06/16 14:31:46 [error] [exception.CDbException] exception 'CDbException' with message 'CDbConnection failed to open the DB connection: SQLSTATE[HY000] [1049] Unknown database 'export_database'' in F:\xampp\htdocs\chola_export\framework\db\CDbConnection.php:399
Stack trace:
#0 F:\xampp\htdocs\chola_export\framework\db\CDbConnection.php(347): CDbConnection->open()
#1 F:\xampp\htdocs\chola_export\framework\db\CDbConnection.php(325): CDbConnection->setActive(true)
#2 F:\xampp\htdocs\chola_export\framework\base\CModule.php(394): CDbConnection->init()
#3 F:\xampp\htdocs\chola_export\framework\base\CModule.php(103): CModule->getComponent('db')
#4 F:\xampp\htdocs\chola_export\framework\gii\generators\model\ModelCode.php(60): CModule->__get('db')
#5 F:\xampp\htdocs\chola_export\framework\web\CFormModel.php(39): ModelCode->init()
#6 F:\xampp\htdocs\chola_export\framework\gii\CCodeGenerator.php(153): CFormModel->__construct()
#7 F:\xampp\htdocs\chola_export\framework\gii\CCodeGenerator.php(63): CCodeGenerator->prepare()
#8 F:\xampp\htdocs\chola_export\framework\web\actions\CInlineAction.php(49): CCodeGenerator->actionIndex()
#9 F:\xampp\htdocs\chola_export\framework\web\CController.php(308): CInlineAction->runWithParams(Array)
#10 F:\xampp\htdocs\chola_export\framework\web\CController.php(286): CController->runAction(Object(CInlineAction))
#11 F:\xampp\htdocs\chola_export\framework\web\CController.php(265): CController->runActionWithFilters(Object(CInlineAction), Array)
#12 F:\xampp\htdocs\chola_export\framework\web\CWebApplication.php(282): CController->run('index')
#13 F:\xampp\htdocs\chola_export\framework\web\CWebApplication.php(141): CWebApplication->runController('gii/model/index')
#14 F:\xampp\htdocs\chola_export\framework\base\CApplication.php(185): CWebApplication->processRequest()
#15 F:\xampp\htdocs\chola_export\index.php(13): CApplication->run()
#16 {main}
REQUEST_URI=/chola_export/index.php/gii/model/index
HTTP_REFERER=http://localhost/chola_export/index.php/gii/default/index
---
